# JRE version: OpenJDK Runtime Environment Temurin-17.0.13+11 (17.0.13+11) (build 17.0.13+11)
# Java VM: OpenJDK 64-Bit Server VM Temurin-17.0.13+11 (17.0.13+11, mixed mode, tiered, compressed oops, compressed class ptrs, parallel gc, windows-amd64)
GC Precious Log:
 CPUs: 4 total, 4 available
 Memory: 7880M
 Large Page Support: Disabled
 NUMA Support: Disabled
 Compressed Oops: Enabled (32-bit)
 Alignments: Space 512K, Generation 512K, Heap 2M
 Heap Min Capacity: 100M
 Heap Initial Capacity: 100M
 Heap Max Capacity: 1G
 Pre-touch: Disabled
 Parallel Workers: 4
Heap:
 PSYoungGen      total 23552K, used 19223K [0x00000000eab00000, 0x00000000ecf80000, 0x0000000100000000)
  eden space 14848K, 70% used [0x00000000eab00000,0x00000000eb54b770,0x00000000eb980000)
  from space 8704K, 99% used [0x00000000ec700000,0x00000000ecf7a540,0x00000000ecf80000)
  to   space 11264K, 0% used [0x00000000ebc00000,0x00000000ebc00000,0x00000000ec700000)
 ParOldGen       total 327680K, used 322068K [0x00000000c0000000, 0x00000000d4000000, 0x00000000eab00000)
  object space 327680K, 98% used [0x00000000c0000000,0x00000000d3a853a0,0x00000000d4000000)
 Metaspace       used 84862K, committed 86464K, reserved 1179648K
  class space    used 8397K, committed 9152K, reserved 1048576K
GC Heap History (20 events):
Event: 119.842 GC heap before
{Heap before GC invocations=592 (full 20):
 PSYoungGen      total 26112K, used 25897K [0x00000000eab00000, 0x00000000ed100000, 0x0000000100000000)
  eden space 14848K, 100% used [0x00000000eab00000,0x00000000eb980000,0x00000000eb980000)
  from space 11264K, 98% used [0x00000000ec500000,0x00000000ecfca4d0,0x00000000ed000000)
  to   space 11776K, 0% used [0x00000000eb980000,0x00000000eb980000,0x00000000ec500000)
 ParOldGen       total 327680K, used 307724K [0x00000000c0000000, 0x00000000d4000000, 0x00000000eab00000)
  object space 327680K, 93% used [0x00000000c0000000,0x00000000d2c83100,0x00000000d4000000)
 Metaspace       used 84799K, committed 86400K, reserved 1179648K
  class space    used 8397K, committed 9152K, reserved 1048576K
}
Event: 119.850 GC heap after
{Heap after GC invocations=592 (full 20):
 PSYoungGen      total 26624K, used 11753K [0x00000000eab00000, 0x00000000ed280000, 0x0000000100000000)
  eden space 14848K, 0% used [0x00000000eab00000,0x00000000eab00000,0x00000000eb980000)
  from space 11776K, 99% used [0x00000000eb980000,0x00000000ec4fa4d0,0x00000000ec500000)
  to   space 12800K, 0% used [0x00000000ec600000,0x00000000ec600000,0x00000000ed280000)
 ParOldGen       total 327680K, used 308412K [0x00000000c0000000, 0x00000000d4000000, 0x00000000eab00000)
  object space 327680K, 94% used [0x00000000c0000000,0x00000000d2d2f100,0x00000000d4000000)
 Metaspace       used 84799K, committed 86400K, reserved 1179648K
  class space    used 8397K, committed 9152K, reserved 1048576K
}
Event: 119.978 GC heap before
{Heap before GC invocations=593 (full 20):
 PSYoungGen      total 26624K, used 26601K [0x00000000eab00000, 0x00000000ed280000, 0x0000000100000000)
  eden space 14848K, 100% used [0x00000000eab00000,0x00000000eb980000,0x00000000eb980000)
  from space 11776K, 99% used [0x00000000eb980000,0x00000000ec4fa4d0,0x00000000ec500000)
  to   space 12800K, 0% used [0x00000000ec600000,0x00000000ec600000,0x00000000ed280000)
 ParOldGen       total 327680K, used 308412K [0x00000000c0000000, 0x00000000d4000000, 0x00000000eab00000)
  object space 327680K, 94% used [0x00000000c0000000,0x00000000d2d2f100,0x00000000d4000000)
 Metaspace       used 84799K, committed 86400K, reserved 1179648K
  class space    used 8397K, committed 9152K, reserved 1048576K
}
Event: 119.985 GC heap after
{Heap after GC invocations=593 (full 20):
 PSYoungGen      total 26112K, used 10773K [0x00000000eab00000, 0x00000000ed100000, 0x0000000100000000)
  eden space 14848K, 0% used [0x00000000eab00000,0x00000000eab00000,0x00000000eb980000)
  from space 11264K, 95% used [0x00000000ec600000,0x00000000ed0854d0,0x00000000ed100000)
  to   space 11776K, 0% used [0x00000000eba00000,0x00000000eba00000,0x00000000ec580000)
 ParOldGen       total 327680K, used 311052K [0x00000000c0000000, 0x00000000d4000000, 0x00000000eab00000)
  object space 327680K, 94% used [0x00000000c0000000,0x00000000d2fc3100,0x00000000d4000000)
 Metaspace       used 84799K, committed 86400K, reserved 1179648K
  class space    used 8397K, committed 9152K, reserved 1048576K
}
Event: 120.085 GC heap before
{Heap before GC invocations=594 (full 20):
 PSYoungGen      total 26112K, used 25621K [0x00000000eab00000, 0x00000000ed100000, 0x0000000100000000)
  eden space 14848K, 100% used [0x00000000eab00000,0x00000000eb980000,0x00000000eb980000)
  from space 11264K, 95% used [0x00000000ec600000,0x00000000ed0854d0,0x00000000ed100000)
  to   space 11776K, 0% used [0x00000000eba00000,0x00000000eba00000,0x00000000ec580000)
 ParOldGen       total 327680K, used 311052K [0x00000000c0000000, 0x00000000d4000000, 0x00000000eab00000)
  object space 327680K, 94% used [0x00000000c0000000,0x00000000d2fc3100,0x00000000d4000000)
 Metaspace       used 84799K, committed 86400K, reserved 1179648K
  class space    used 8397K, committed 9152K, reserved 1048576K
}
Event: 120.093 GC heap after
{Heap after GC invocations=594 (full 20):
 PSYoungGen      total 26624K, used 11765K [0x00000000eab00000, 0x00000000ed280000, 0x0000000100000000)
  eden space 14848K, 0% used [0x00000000eab00000,0x00000000eab00000,0x00000000eb980000)
  from space 11776K, 99% used [0x00000000eba00000,0x00000000ec57d4d0,0x00000000ec580000)
  to   space 12800K, 0% used [0x00000000ec600000,0x00000000ec600000,0x00000000ed280000)
 ParOldGen       total 327680K, used 311404K [0x00000000c0000000, 0x00000000d4000000, 0x00000000eab00000)
  object space 327680K, 95% used [0x00000000c0000000,0x00000000d301b100,0x00000000d4000000)
 Metaspace       used 84799K, committed 86400K, reserved 1179648K
  class space    used 8397K, committed 9152K, reserved 1048576K
}
Event: 120.199 GC heap before
{Heap before GC invocations=595 (full 20):
 PSYoungGen      total 26624K, used 26613K [0x00000000eab00000, 0x00000000ed280000, 0x0000000100000000)
  eden space 14848K, 100% used [0x00000000eab00000,0x00000000eb980000,0x00000000eb980000)
  from space 11776K, 99% used [0x00000000eba00000,0x00000000ec57d4d0,0x00000000ec580000)
  to   space 12800K, 0% used [0x00000000ec600000,0x00000000ec600000,0x00000000ed280000)
 ParOldGen       total 327680K, used 311404K [0x00000000c0000000, 0x00000000d4000000, 0x00000000eab00000)
  object space 327680K, 95% used [0x00000000c0000000,0x00000000d301b100,0x00000000d4000000)
 Metaspace       used 84799K, committed 86400K, reserved 1179648K
  class space    used 8397K, committed 9152K, reserved 1048576K
}
Event: 120.208 GC heap after
{Heap after GC invocations=595 (full 20):
 PSYoungGen      total 26112K, used 11125K [0x00000000eab00000, 0x00000000ed100000, 0x0000000100000000)
  eden space 14848K, 0% used [0x00000000eab00000,0x00000000eab00000,0x00000000eb980000)
  from space 11264K, 98% used [0x00000000ec600000,0x00000000ed0dd4d0,0x00000000ed100000)
  to   space 11776K, 0% used [0x00000000eba00000,0x00000000eba00000,0x00000000ec580000)
 ParOldGen       total 327680K, used 313500K [0x00000000c0000000, 0x00000000d4000000, 0x00000000eab00000)
  object space 327680K, 95% used [0x00000000c0000000,0x00000000d3227100,0x00000000d4000000)
 Metaspace       used 84799K, committed 86400K, reserved 1179648K
  class space    used 8397K, committed 9152K, reserved 1048576K
}
Event: 120.325 GC heap before
{Heap before GC invocations=596 (full 20):
 PSYoungGen      total 26112K, used 25973K [0x00000000eab00000, 0x00000000ed100000, 0x0000000100000000)
  eden space 14848K, 100% used [0x00000000eab00000,0x00000000eb980000,0x00000000eb980000)
  from space 11264K, 98% used [0x00000000ec600000,0x00000000ed0dd4d0,0x00000000ed100000)
  to   space 11776K, 0% used [0x00000000eba00000,0x00000000eba00000,0x00000000ec580000)
 ParOldGen       total 327680K, used 313500K [0x00000000c0000000, 0x00000000d4000000, 0x00000000eab00000)
  object space 327680K, 95% used [0x00000000c0000000,0x00000000d3227100,0x00000000d4000000)
 Metaspace       used 84799K, committed 86400K, reserved 1179648K
  class space    used 8397K, committed 9152K, reserved 1048576K
}
Event: 120.334 GC heap after
{Heap after GC invocations=596 (full 20):
 PSYoungGen      total 26624K, used 11755K [0x00000000eab00000, 0x00000000ed280000, 0x0000000100000000)
  eden space 14848K, 0% used [0x00000000eab00000,0x00000000eab00000,0x00000000eb980000)
  from space 11776K, 99% used [0x00000000eba00000,0x00000000ec57ace0,0x00000000ec580000)
  to   space 12800K, 0% used [0x00000000ec600000,0x00000000ec600000,0x00000000ed280000)
 ParOldGen       total 327680K, used 314132K [0x00000000c0000000, 0x00000000d4000000, 0x00000000eab00000)
  object space 327680K, 95% used [0x00000000c0000000,0x00000000d32c5100,0x00000000d4000000)
 Metaspace       used 84799K, committed 86400K, reserved 1179648K
  class space    used 8397K, committed 9152K, reserved 1048576K
}
Event: 120.460 GC heap before
{Heap before GC invocations=597 (full 20):
 PSYoungGen      total 26624K, used 26603K [0x00000000eab00000, 0x00000000ed280000, 0x0000000100000000)
  eden space 14848K, 100% used [0x00000000eab00000,0x00000000eb980000,0x00000000eb980000)
  from space 11776K, 99% used [0x00000000eba00000,0x00000000ec57ace0,0x00000000ec580000)
  to   space 12800K, 0% used [0x00000000ec600000,0x00000000ec600000,0x00000000ed280000)
 ParOldGen       total 327680K, used 314132K [0x00000000c0000000, 0x00000000d4000000, 0x00000000eab00000)
  object space 327680K, 95% used [0x00000000c0000000,0x00000000d32c5100,0x00000000d4000000)
 Metaspace       used 84799K, committed 86400K, reserved 1179648K
  class space    used 8397K, committed 9152K, reserved 1048576K
}
Event: 120.468 GC heap after
{Heap after GC invocations=597 (full 20):
 PSYoungGen      total 27136K, used 11851K [0x00000000eab00000, 0x00000000ed200000, 0x0000000100000000)
  eden space 14848K, 0% used [0x00000000eab00000,0x00000000eab00000,0x00000000eb980000)
  from space 12288K, 96% used [0x00000000ec600000,0x00000000ed192ce0,0x00000000ed200000)
  to   space 12288K, 0% used [0x00000000eba00000,0x00000000eba00000,0x00000000ec600000)
 ParOldGen       total 327680K, used 315564K [0x00000000c0000000, 0x00000000d4000000, 0x00000000eab00000)
  object space 327680K, 96% used [0x00000000c0000000,0x00000000d342b100,0x00000000d4000000)
 Metaspace       used 84799K, committed 86400K, reserved 1179648K
  class space    used 8397K, committed 9152K, reserved 1048576K
}
Event: 120.838 GC heap before
{Heap before GC invocations=598 (full 20):
 PSYoungGen      total 27136K, used 26699K [0x00000000eab00000, 0x00000000ed200000, 0x0000000100000000)
  eden space 14848K, 100% used [0x00000000eab00000,0x00000000eb980000,0x00000000eb980000)
  from space 12288K, 96% used [0x00000000ec600000,0x00000000ed192ce0,0x00000000ed200000)
  to   space 12288K, 0% used [0x00000000eba00000,0x00000000eba00000,0x00000000ec600000)
 ParOldGen       total 327680K, used 315564K [0x00000000c0000000, 0x00000000d4000000, 0x00000000eab00000)
  object space 327680K, 96% used [0x00000000c0000000,0x00000000d342b100,0x00000000d4000000)
 Metaspace       used 84801K, committed 86400K, reserved 1179648K
  class space    used 8397K, committed 9152K, reserved 1048576K
}
Event: 120.849 GC heap after
{Heap after GC invocations=598 (full 20):
 PSYoungGen      total 27136K, used 12266K [0x00000000eab00000, 0x00000000ed980000, 0x0000000100000000)
  eden space 14848K, 0% used [0x00000000eab00000,0x00000000eab00000,0x00000000eb980000)
  from space 12288K, 99% used [0x00000000eba00000,0x00000000ec5fabc0,0x00000000ec600000)
  to   space 16384K, 0% used [0x00000000ec980000,0x00000000ec980000,0x00000000ed980000)
 ParOldGen       total 327680K, used 318682K [0x00000000c0000000, 0x00000000d4000000, 0x00000000eab00000)
  object space 327680K, 97% used [0x00000000c0000000,0x00000000d3736a40,0x00000000d4000000)
 Metaspace       used 84801K, committed 86400K, reserved 1179648K
  class space    used 8397K, committed 9152K, reserved 1048576K
}
Event: 121.293 GC heap before
{Heap before GC invocations=599 (full 20):
 PSYoungGen      total 27136K, used 27114K [0x00000000eab00000, 0x00000000ed980000, 0x0000000100000000)
  eden space 14848K, 100% used [0x00000000eab00000,0x00000000eb980000,0x00000000eb980000)
  from space 12288K, 99% used [0x00000000eba00000,0x00000000ec5fabc0,0x00000000ec600000)
  to   space 16384K, 0% used [0x00000000ec980000,0x00000000ec980000,0x00000000ed980000)
 ParOldGen       total 327680K, used 318682K [0x00000000c0000000, 0x00000000d4000000, 0x00000000eab00000)
  object space 327680K, 97% used [0x00000000c0000000,0x00000000d3736a40,0x00000000d4000000)
 Metaspace       used 84839K, committed 86464K, reserved 1179648K
  class space    used 8397K, committed 9152K, reserved 1048576K
}
Event: 121.308 GC heap after
{Heap after GC invocations=599 (full 20):
 PSYoungGen      total 24576K, used 9394K [0x00000000eab00000, 0x00000000ed300000, 0x0000000100000000)
  eden space 14848K, 0% used [0x00000000eab00000,0x00000000eab00000,0x00000000eb980000)
  from space 9728K, 96% used [0x00000000ec980000,0x00000000ed2ac910,0x00000000ed300000)
  to   space 11776K, 0% used [0x00000000ebc00000,0x00000000ebc00000,0x00000000ec780000)
 ParOldGen       total 327680K, used 318730K [0x00000000c0000000, 0x00000000d4000000, 0x00000000eab00000)
  object space 327680K, 97% used [0x00000000c0000000,0x00000000d3742a40,0x00000000d4000000)
 Metaspace       used 84839K, committed 86464K, reserved 1179648K
  class space    used 8397K, committed 9152K, reserved 1048576K
}
Event: 121.518 GC heap before
{Heap before GC invocations=600 (full 20):
 PSYoungGen      total 24576K, used 24242K [0x00000000eab00000, 0x00000000ed300000, 0x0000000100000000)
  eden space 14848K, 100% used [0x00000000eab00000,0x00000000eb980000,0x00000000eb980000)
  from space 9728K, 96% used [0x00000000ec980000,0x00000000ed2ac910,0x00000000ed300000)
  to   space 11776K, 0% used [0x00000000ebc00000,0x00000000ebc00000,0x00000000ec780000)
 ParOldGen       total 327680K, used 318730K [0x00000000c0000000, 0x00000000d4000000, 0x00000000eab00000)
  object space 327680K, 97% used [0x00000000c0000000,0x00000000d3742a40,0x00000000d4000000)
 Metaspace       used 84861K, committed 86464K, reserved 1179648K
  class space    used 8397K, committed 9152K, reserved 1048576K
}
Event: 121.533 GC heap after
{Heap after GC invocations=600 (full 20):
 PSYoungGen      total 26112K, used 10812K [0x00000000eab00000, 0x00000000ecf80000, 0x0000000100000000)
  eden space 14848K, 0% used [0x00000000eab00000,0x00000000eab00000,0x00000000eb980000)
  from space 11264K, 95% used [0x00000000ebc00000,0x00000000ec68f348,0x00000000ec700000)
  to   space 8704K, 0% used [0x00000000ec700000,0x00000000ec700000,0x00000000ecf80000)
 ParOldGen       total 327680K, used 318730K [0x00000000c0000000, 0x00000000d4000000, 0x00000000eab00000)
  object space 327680K, 97% used [0x00000000c0000000,0x00000000d3742a40,0x00000000d4000000)
 Metaspace       used 84861K, committed 86464K, reserved 1179648K
  class space    used 8397K, committed 9152K, reserved 1048576K
}
Event: 121.558 GC heap before
{Heap before GC invocations=601 (full 20):
 PSYoungGen      total 26112K, used 25660K [0x00000000eab00000, 0x00000000ecf80000, 0x0000000100000000)
  eden space 14848K, 100% used [0x00000000eab00000,0x00000000eb980000,0x00000000eb980000)
  from space 11264K, 95% used [0x00000000ebc00000,0x00000000ec68f348,0x00000000ec700000)
  to   space 8704K, 0% used [0x00000000ec700000,0x00000000ec700000,0x00000000ecf80000)
 ParOldGen       total 327680K, used 318730K [0x00000000c0000000, 0x00000000d4000000, 0x00000000eab00000)
  object space 327680K, 97% used [0x00000000c0000000,0x00000000d3742a40,0x00000000d4000000)
 Metaspace       used 84862K, committed 86464K, reserved 1179648K
  class space    used 8397K, committed 9152K, reserved 1048576K
}
Event: 121.568 GC heap after
{Heap after GC invocations=601 (full 20):
 PSYoungGen      total 23552K, used 8681K [0x00000000eab00000, 0x00000000ecf80000, 0x0000000100000000)
  eden space 14848K, 0% used [0x00000000eab00000,0x00000000eab00000,0x00000000eb980000)
  from space 8704K, 99% used [0x00000000ec700000,0x00000000ecf7a540,0x00000000ecf80000)
  to   space 11264K, 0% used [0x00000000ebc00000,0x00000000ebc00000,0x00000000ec700000)
 ParOldGen       total 327680K, used 322068K [0x00000000c0000000, 0x00000000d4000000, 0x00000000eab00000)
  object space 327680K, 98% used [0x00000000c0000000,0x00000000d3a853a0,0x00000000d4000000)
 Metaspace       used 84862K, committed 86464K, reserved 1179648K
  class space    used 8397K, committed 9152K, reserved 1048576K
}

