# JRE version: OpenJDK Runtime Environment Temurin-17.0.13+11 (17.0.13+11) (build 17.0.13+11)
# Java VM: OpenJDK 64-Bit Server VM Temurin-17.0.13+11 (17.0.13+11, mixed mode, tiered, compressed oops, compressed class ptrs, parallel gc, windows-amd64)
GC Precious Log:
 CPUs: 4 total, 4 available
 Memory: 7880M
 Large Page Support: Disabled
 NUMA Support: Disabled
 Compressed Oops: Enabled (32-bit)
 Alignments: Space 512K, Generation 512K, Heap 2M
 Heap Min Capacity: 100M
 Heap Initial Capacity: 100M
 Heap Max Capacity: 1G
 Pre-touch: Disabled
 Parallel Workers: 4
Heap:
 PSYoungGen      total 15360K, used 12768K [0x00000000eab00000, 0x00000000ebc80000, 0x0000000100000000)
  eden space 14336K, 83% used [0x00000000eab00000,0x00000000eb6a81a8,0x00000000eb900000)
  from space 1024K, 81% used [0x00000000ebb80000,0x00000000ebc50200,0x00000000ebc80000)
  to   space 1024K, 0% used [0x00000000eba80000,0x00000000eba80000,0x00000000ebb80000)
 ParOldGen       total 264704K, used 216493K [0x00000000c0000000, 0x00000000d0280000, 0x00000000eab00000)
  object space 264704K, 81% used [0x00000000c0000000,0x00000000cd36b590,0x00000000d0280000)
 Metaspace       used 96548K, committed 97984K, reserved 1179648K
  class space    used 9231K, committed 9920K, reserved 1048576K
GC Heap History (20 events):
Event: 4125.969 GC heap before
{Heap before GC invocations=5489 (full 141):
 PSYoungGen      total 13824K, used 13808K [0x00000000eab00000, 0x00000000ebd00000, 0x0000000100000000)
  eden space 10240K, 100% used [0x00000000eab00000,0x00000000eb500000,0x00000000eb500000)
  from space 3584K, 99% used [0x00000000eb500000,0x00000000eb87c120,0x00000000eb880000)
  to   space 4096K, 0% used [0x00000000eb900000,0x00000000eb900000,0x00000000ebd00000)
 ParOldGen       total 260608K, used 249019K [0x00000000c0000000, 0x00000000cfe80000, 0x00000000eab00000)
  object space 260608K, 95% used [0x00000000c0000000,0x00000000cf32ed50,0x00000000cfe80000)
 Metaspace       used 96529K, committed 97984K, reserved 1179648K
  class space    used 9231K, committed 9920K, reserved 1048576K
}
Event: 4125.972 GC heap after
{Heap after GC invocations=5489 (full 141):
 PSYoungGen      total 14336K, used 3725K [0x00000000eab00000, 0x00000000ebd00000, 0x0000000100000000)
  eden space 10240K, 0% used [0x00000000eab00000,0x00000000eab00000,0x00000000eb500000)
  from space 4096K, 90% used [0x00000000eb900000,0x00000000ebca34d0,0x00000000ebd00000)
  to   space 4096K, 0% used [0x00000000eb500000,0x00000000eb500000,0x00000000eb900000)
 ParOldGen       total 260608K, used 250050K [0x00000000c0000000, 0x00000000cfe80000, 0x00000000eab00000)
  object space 260608K, 95% used [0x00000000c0000000,0x00000000cf430a40,0x00000000cfe80000)
 Metaspace       used 96529K, committed 97984K, reserved 1179648K
  class space    used 9231K, committed 9920K, reserved 1048576K
}
Event: 4126.082 GC heap before
{Heap before GC invocations=5490 (full 141):
 PSYoungGen      total 14336K, used 13965K [0x00000000eab00000, 0x00000000ebd00000, 0x0000000100000000)
  eden space 10240K, 100% used [0x00000000eab00000,0x00000000eb500000,0x00000000eb500000)
  from space 4096K, 90% used [0x00000000eb900000,0x00000000ebca34d0,0x00000000ebd00000)
  to   space 4096K, 0% used [0x00000000eb500000,0x00000000eb500000,0x00000000eb900000)
 ParOldGen       total 260608K, used 250050K [0x00000000c0000000, 0x00000000cfe80000, 0x00000000eab00000)
  object space 260608K, 95% used [0x00000000c0000000,0x00000000cf430a40,0x00000000cfe80000)
 Metaspace       used 96530K, committed 97984K, reserved 1179648K
  class space    used 9231K, committed 9920K, reserved 1048576K
}
Event: 4126.091 GC heap after
{Heap after GC invocations=5490 (full 141):
 PSYoungGen      total 14336K, used 4074K [0x00000000eab00000, 0x00000000ec000000, 0x0000000100000000)
  eden space 10240K, 0% used [0x00000000eab00000,0x00000000eab00000,0x00000000eb500000)
  from space 4096K, 99% used [0x00000000eb500000,0x00000000eb8fa840,0x00000000eb900000)
  to   space 5632K, 0% used [0x00000000eba80000,0x00000000eba80000,0x00000000ec000000)
 ParOldGen       total 260608K, used 250951K [0x00000000c0000000, 0x00000000cfe80000, 0x00000000eab00000)
  object space 260608K, 96% used [0x00000000c0000000,0x00000000cf511d10,0x00000000cfe80000)
 Metaspace       used 96530K, committed 97984K, reserved 1179648K
  class space    used 9231K, committed 9920K, reserved 1048576K
}
Event: 4126.113 GC heap before
{Heap before GC invocations=5491 (full 141):
 PSYoungGen      total 14336K, used 14314K [0x00000000eab00000, 0x00000000ec000000, 0x0000000100000000)
  eden space 10240K, 100% used [0x00000000eab00000,0x00000000eb500000,0x00000000eb500000)
  from space 4096K, 99% used [0x00000000eb500000,0x00000000eb8fa840,0x00000000eb900000)
  to   space 5632K, 0% used [0x00000000eba80000,0x00000000eba80000,0x00000000ec000000)
 ParOldGen       total 260608K, used 250951K [0x00000000c0000000, 0x00000000cfe80000, 0x00000000eab00000)
  object space 260608K, 96% used [0x00000000c0000000,0x00000000cf511d10,0x00000000cfe80000)
 Metaspace       used 96530K, committed 97984K, reserved 1179648K
  class space    used 9231K, committed 9920K, reserved 1048576K
}
Event: 4126.123 GC heap after
{Heap after GC invocations=5491 (full 141):
 PSYoungGen      total 14848K, used 3260K [0x00000000eab00000, 0x00000000ebe00000, 0x0000000100000000)
  eden space 11264K, 0% used [0x00000000eab00000,0x00000000eab00000,0x00000000eb600000)
  from space 3584K, 90% used [0x00000000eba80000,0x00000000ebdaf008,0x00000000ebe00000)
  to   space 4096K, 0% used [0x00000000eb600000,0x00000000eb600000,0x00000000eba00000)
 ParOldGen       total 260608K, used 252586K [0x00000000c0000000, 0x00000000cfe80000, 0x00000000eab00000)
  object space 260608K, 96% used [0x00000000c0000000,0x00000000cf6aa8b0,0x00000000cfe80000)
 Metaspace       used 96530K, committed 97984K, reserved 1179648K
  class space    used 9231K, committed 9920K, reserved 1048576K
}
Event: 4126.221 GC heap before
{Heap before GC invocations=5492 (full 141):
 PSYoungGen      total 14848K, used 14295K [0x00000000eab00000, 0x00000000ebe00000, 0x0000000100000000)
  eden space 11264K, 97% used [0x00000000eab00000,0x00000000eb5c6e20,0x00000000eb600000)
  from space 3584K, 90% used [0x00000000eba80000,0x00000000ebdaf008,0x00000000ebe00000)
  to   space 4096K, 0% used [0x00000000eb600000,0x00000000eb600000,0x00000000eba00000)
 ParOldGen       total 260608K, used 252586K [0x00000000c0000000, 0x00000000cfe80000, 0x00000000eab00000)
  object space 260608K, 96% used [0x00000000c0000000,0x00000000cf6aa8b0,0x00000000cfe80000)
 Metaspace       used 96530K, committed 97984K, reserved 1179648K
  class space    used 9231K, committed 9920K, reserved 1048576K
}
Event: 4126.228 GC heap after
{Heap after GC invocations=5492 (full 141):
 PSYoungGen      total 15360K, used 4090K [0x00000000eab00000, 0x00000000ec580000, 0x0000000100000000)
  eden space 11264K, 0% used [0x00000000eab00000,0x00000000eab00000,0x00000000eb600000)
  from space 4096K, 99% used [0x00000000eb600000,0x00000000eb9fea30,0x00000000eba00000)
  to   space 7168K, 0% used [0x00000000ebe80000,0x00000000ebe80000,0x00000000ec580000)
 ParOldGen       total 260608K, used 255039K [0x00000000c0000000, 0x00000000cfe80000, 0x00000000eab00000)
  object space 260608K, 97% used [0x00000000c0000000,0x00000000cf90fd88,0x00000000cfe80000)
 Metaspace       used 96530K, committed 97984K, reserved 1179648K
  class space    used 9231K, committed 9920K, reserved 1048576K
}
Event: 4126.279 GC heap before
{Heap before GC invocations=5493 (full 141):
 PSYoungGen      total 15360K, used 15348K [0x00000000eab00000, 0x00000000ec580000, 0x0000000100000000)
  eden space 11264K, 99% used [0x00000000eab00000,0x00000000eb5fe818,0x00000000eb600000)
  from space 4096K, 99% used [0x00000000eb600000,0x00000000eb9fea30,0x00000000eba00000)
  to   space 7168K, 0% used [0x00000000ebe80000,0x00000000ebe80000,0x00000000ec580000)
 ParOldGen       total 260608K, used 255039K [0x00000000c0000000, 0x00000000cfe80000, 0x00000000eab00000)
  object space 260608K, 97% used [0x00000000c0000000,0x00000000cf90fd88,0x00000000cfe80000)
 Metaspace       used 96530K, committed 97984K, reserved 1179648K
  class space    used 9231K, committed 9920K, reserved 1048576K
}
Event: 4126.304 GC heap after
{Heap after GC invocations=5493 (full 141):
 PSYoungGen      total 18432K, used 7160K [0x00000000eab00000, 0x00000000ec580000, 0x0000000100000000)
  eden space 11264K, 0% used [0x00000000eab00000,0x00000000eab00000,0x00000000eb600000)
  from space 7168K, 99% used [0x00000000ebe80000,0x00000000ec57e138,0x00000000ec580000)
  to   space 4096K, 0% used [0x00000000eb600000,0x00000000eb600000,0x00000000eba00000)
 ParOldGen       total 260608K, used 256121K [0x00000000c0000000, 0x00000000cfe80000, 0x00000000eab00000)
  object space 260608K, 98% used [0x00000000c0000000,0x00000000cfa1e438,0x00000000cfe80000)
 Metaspace       used 96530K, committed 97984K, reserved 1179648K
  class space    used 9231K, committed 9920K, reserved 1048576K
}
Event: 4126.444 GC heap before
{Heap before GC invocations=5494 (full 141):
 PSYoungGen      total 18432K, used 15175K [0x00000000eab00000, 0x00000000ec580000, 0x0000000100000000)
  eden space 11264K, 71% used [0x00000000eab00000,0x00000000eb2d3d20,0x00000000eb600000)
  from space 7168K, 99% used [0x00000000ebe80000,0x00000000ec57e138,0x00000000ec580000)
  to   space 4096K, 0% used [0x00000000eb600000,0x00000000eb600000,0x00000000eba00000)
 ParOldGen       total 260608K, used 256121K [0x00000000c0000000, 0x00000000cfe80000, 0x00000000eab00000)
  object space 260608K, 98% used [0x00000000c0000000,0x00000000cfa1e438,0x00000000cfe80000)
 Metaspace       used 96531K, committed 97984K, reserved 1179648K
  class space    used 9231K, committed 9920K, reserved 1048576K
}
Event: 4126.452 GC heap after
{Heap after GC invocations=5494 (full 141):
 PSYoungGen      total 15360K, used 2736K [0x00000000eab00000, 0x00000000ec180000, 0x0000000100000000)
  eden space 11264K, 0% used [0x00000000eab00000,0x00000000eab00000,0x00000000eb600000)
  from space 4096K, 66% used [0x00000000eb600000,0x00000000eb8ac010,0x00000000eba00000)
  to   space 5120K, 0% used [0x00000000ebc80000,0x00000000ebc80000,0x00000000ec180000)
 ParOldGen       total 260608K, used 257255K [0x00000000c0000000, 0x00000000cfe80000, 0x00000000eab00000)
  object space 260608K, 98% used [0x00000000c0000000,0x00000000cfb39f58,0x00000000cfe80000)
 Metaspace       used 96531K, committed 97984K, reserved 1179648K
  class space    used 9231K, committed 9920K, reserved 1048576K
}
Event: 4126.456 GC heap before
{Heap before GC invocations=5495 (full 141):
 PSYoungGen      total 15360K, used 10517K [0x00000000eab00000, 0x00000000ec180000, 0x0000000100000000)
  eden space 11264K, 69% used [0x00000000eab00000,0x00000000eb299720,0x00000000eb600000)
  from space 4096K, 66% used [0x00000000eb600000,0x00000000eb8ac010,0x00000000eba00000)
  to   space 5120K, 0% used [0x00000000ebc80000,0x00000000ebc80000,0x00000000ec180000)
 ParOldGen       total 260608K, used 257255K [0x00000000c0000000, 0x00000000cfe80000, 0x00000000eab00000)
  object space 260608K, 98% used [0x00000000c0000000,0x00000000cfb39f58,0x00000000cfe80000)
 Metaspace       used 96531K, committed 97984K, reserved 1179648K
  class space    used 9231K, committed 9920K, reserved 1048576K
}
Event: 4126.460 GC heap after
{Heap after GC invocations=5495 (full 141):
 PSYoungGen      total 15360K, used 10517K [0x00000000eab00000, 0x00000000ec180000, 0x0000000100000000)
  eden space 11264K, 69% used [0x00000000eab00000,0x00000000eb299720,0x00000000eb600000)
  from space 4096K, 66% used [0x00000000eb600000,0x00000000eb8ac010,0x00000000eba00000)
  to   space 5120K, 54% used [0x00000000ebc80000,0x00000000ebf34010,0x00000000ec180000)
 ParOldGen       total 260608K, used 257279K [0x00000000c0000000, 0x00000000cfe80000, 0x00000000eab00000)
  object space 260608K, 98% used [0x00000000c0000000,0x00000000cfb3ff58,0x00000000cfe80000)
 Metaspace       used 96531K, committed 97984K, reserved 1179648K
  class space    used 9231K, committed 9920K, reserved 1048576K
}
Event: 4126.460 GC heap before
{Heap before GC invocations=5496 (full 142):
 PSYoungGen      total 15360K, used 10517K [0x00000000eab00000, 0x00000000ec180000, 0x0000000100000000)
  eden space 11264K, 69% used [0x00000000eab00000,0x00000000eb299720,0x00000000eb600000)
  from space 4096K, 66% used [0x00000000eb600000,0x00000000eb8ac010,0x00000000eba00000)
  to   space 5120K, 54% used [0x00000000ebc80000,0x00000000ebf34010,0x00000000ec180000)
 ParOldGen       total 260608K, used 257279K [0x00000000c0000000, 0x00000000cfe80000, 0x00000000eab00000)
  object space 260608K, 98% used [0x00000000c0000000,0x00000000cfb3ff58,0x00000000cfe80000)
 Metaspace       used 96531K, committed 97984K, reserved 1179648K
  class space    used 9231K, committed 9920K, reserved 1048576K
}
Event: 4126.764 GC heap after
{Heap after GC invocations=5496 (full 142):
 PSYoungGen      total 17920K, used 0K [0x00000000eab00000, 0x00000000ec200000, 0x0000000100000000)
  eden space 12800K, 0% used [0x00000000eab00000,0x00000000eab00000,0x00000000eb780000)
  from space 5120K, 0% used [0x00000000ebc80000,0x00000000ebc80000,0x00000000ec180000)
  to   space 5120K, 0% used [0x00000000eb780000,0x00000000eb780000,0x00000000ebc80000)
 ParOldGen       total 264704K, used 193445K [0x00000000c0000000, 0x00000000d0280000, 0x00000000eab00000)
  object space 264704K, 73% used [0x00000000c0000000,0x00000000cbce9570,0x00000000d0280000)
 Metaspace       used 96531K, committed 97984K, reserved 1179648K
  class space    used 9231K, committed 9920K, reserved 1048576K
}
Event: 4126.789 GC heap before
{Heap before GC invocations=5497 (full 142):
 PSYoungGen      total 17920K, used 12800K [0x00000000eab00000, 0x00000000ec200000, 0x0000000100000000)
  eden space 12800K, 100% used [0x00000000eab00000,0x00000000eb780000,0x00000000eb780000)
  from space 5120K, 0% used [0x00000000ebc80000,0x00000000ebc80000,0x00000000ec180000)
  to   space 5120K, 0% used [0x00000000eb780000,0x00000000eb780000,0x00000000ebc80000)
 ParOldGen       total 264704K, used 204965K [0x00000000c0000000, 0x00000000d0280000, 0x00000000eab00000)
  object space 264704K, 77% used [0x00000000c0000000,0x00000000cc829580,0x00000000d0280000)
 Metaspace       used 96531K, committed 97984K, reserved 1179648K
  class space    used 9231K, committed 9920K, reserved 1048576K
}
Event: 4126.793 GC heap after
{Heap after GC invocations=5497 (full 142):
 PSYoungGen      total 13312K, used 160K [0x00000000eab00000, 0x00000000ebd00000, 0x0000000100000000)
  eden space 12800K, 0% used [0x00000000eab00000,0x00000000eab00000,0x00000000eb780000)
  from space 512K, 31% used [0x00000000eb780000,0x00000000eb7a8020,0x00000000eb800000)
  to   space 1536K, 0% used [0x00000000ebb80000,0x00000000ebb80000,0x00000000ebd00000)
 ParOldGen       total 264704K, used 216485K [0x00000000c0000000, 0x00000000d0280000, 0x00000000eab00000)
  object space 264704K, 81% used [0x00000000c0000000,0x00000000cd369590,0x00000000d0280000)
 Metaspace       used 96531K, committed 97984K, reserved 1179648K
  class space    used 9231K, committed 9920K, reserved 1048576K
}
Event: 4126.877 GC heap before
{Heap before GC invocations=5498 (full 142):
 PSYoungGen      total 13312K, used 12960K [0x00000000eab00000, 0x00000000ebd00000, 0x0000000100000000)
  eden space 12800K, 100% used [0x00000000eab00000,0x00000000eb780000,0x00000000eb780000)
  from space 512K, 31% used [0x00000000eb780000,0x00000000eb7a8020,0x00000000eb800000)
  to   space 1536K, 0% used [0x00000000ebb80000,0x00000000ebb80000,0x00000000ebd00000)
 ParOldGen       total 264704K, used 216485K [0x00000000c0000000, 0x00000000d0280000, 0x00000000eab00000)
  object space 264704K, 81% used [0x00000000c0000000,0x00000000cd369590,0x00000000d0280000)
 Metaspace       used 96548K, committed 97984K, reserved 1179648K
  class space    used 9231K, committed 9920K, reserved 1048576K
}
Event: 4126.878 GC heap after
{Heap after GC invocations=5498 (full 142):
 PSYoungGen      total 15360K, used 832K [0x00000000eab00000, 0x00000000ebc80000, 0x0000000100000000)
  eden space 14336K, 0% used [0x00000000eab00000,0x00000000eab00000,0x00000000eb900000)
  from space 1024K, 81% used [0x00000000ebb80000,0x00000000ebc50200,0x00000000ebc80000)
  to   space 1024K, 0% used [0x00000000eba80000,0x00000000eba80000,0x00000000ebb80000)
 ParOldGen       total 264704K, used 216493K [0x00000000c0000000, 0x00000000d0280000, 0x00000000eab00000)
  object space 264704K, 81% used [0x00000000c0000000,0x00000000cd36b590,0x00000000d0280000)
 Metaspace       used 96548K, committed 97984K, reserved 1179648K
  class space    used 9231K, committed 9920K, reserved 1048576K
}

