# JRE version: OpenJDK Runtime Environment Temurin-17.0.13+11 (17.0.13+11) (build 17.0.13+11)
# Java VM: OpenJDK 64-Bit Server VM Temurin-17.0.13+11 (17.0.13+11, mixed mode, tiered, compressed oops, compressed class ptrs, parallel gc, windows-amd64)
GC Precious Log:
 CPUs: 4 total, 4 available
 Memory: 7880M
 Large Page Support: Disabled
 NUMA Support: Disabled
 Compressed Oops: Enabled (32-bit)
 Alignments: Space 512K, Generation 512K, Heap 2M
 Heap Min Capacity: 100M
 Heap Initial Capacity: 100M
 Heap Max Capacity: 1G
 Pre-touch: Disabled
 Parallel Workers: 4
Heap:
 PSYoungGen      total 22016K, used 7239K [0x00000000eab00000, 0x00000000ec700000, 0x0000000100000000)
  eden space 16384K, 9% used [0x00000000eab00000,0x00000000eac97a68,0x00000000ebb00000)
  from space 5632K, 99% used [0x00000000ebd00000,0x00000000ec27a4c0,0x00000000ec280000)
  to   space 4608K, 0% used [0x00000000ec280000,0x00000000ec280000,0x00000000ec700000)
 ParOldGen       total 386560K, used 315129K [0x00000000c0000000, 0x00000000d7980000, 0x00000000eab00000)
  object space 386560K, 81% used [0x00000000c0000000,0x00000000d33be5a8,0x00000000d7980000)
 Metaspace       used 101031K, committed 102592K, reserved 1179648K
  class space    used 9734K, committed 10368K, reserved 1048576K
GC Heap History (20 events):
Event: 29108.785 GC heap before
{Heap before GC invocations=10895 (full 224):
 PSYoungGen      total 18944K, used 18937K [0x00000000eab00000, 0x00000000ec800000, 0x0000000100000000)
  eden space 14848K, 100% used [0x00000000eab00000,0x00000000eb980000,0x00000000eb980000)
  from space 4096K, 99% used [0x00000000ebf00000,0x00000000ec2fe4b0,0x00000000ec300000)
  to   space 5632K, 0% used [0x00000000eb980000,0x00000000eb980000,0x00000000ebf00000)
 ParOldGen       total 386560K, used 307783K [0x00000000c0000000, 0x00000000d7980000, 0x00000000eab00000)
  object space 386560K, 79% used [0x00000000c0000000,0x00000000d2c91ff8,0x00000000d7980000)
 Metaspace       used 101030K, committed 102592K, reserved 1179648K
  class space    used 9734K, committed 10368K, reserved 1048576K
}
Event: 29108.797 GC heap after
{Heap after GC invocations=10895 (full 224):
 PSYoungGen      total 20480K, used 4233K [0x00000000eab00000, 0x00000000ec400000, 0x0000000100000000)
  eden space 14848K, 0% used [0x00000000eab00000,0x00000000eab00000,0x00000000eb980000)
  from space 5632K, 75% used [0x00000000eb980000,0x00000000ebda24a0,0x00000000ebf00000)
  to   space 4608K, 0% used [0x00000000ebf80000,0x00000000ebf80000,0x00000000ec400000)
 ParOldGen       total 386560K, used 308599K [0x00000000c0000000, 0x00000000d7980000, 0x00000000eab00000)
  object space 386560K, 79% used [0x00000000c0000000,0x00000000d2d5dff8,0x00000000d7980000)
 Metaspace       used 101030K, committed 102592K, reserved 1179648K
  class space    used 9734K, committed 10368K, reserved 1048576K
}
Event: 29109.335 GC heap before
{Heap before GC invocations=10896 (full 224):
 PSYoungGen      total 20480K, used 19014K [0x00000000eab00000, 0x00000000ec400000, 0x0000000100000000)
  eden space 14848K, 99% used [0x00000000eab00000,0x00000000eb96f588,0x00000000eb980000)
  from space 5632K, 75% used [0x00000000eb980000,0x00000000ebda24a0,0x00000000ebf00000)
  to   space 4608K, 0% used [0x00000000ebf80000,0x00000000ebf80000,0x00000000ec400000)
 ParOldGen       total 386560K, used 308599K [0x00000000c0000000, 0x00000000d7980000, 0x00000000eab00000)
  object space 386560K, 79% used [0x00000000c0000000,0x00000000d2d5dff8,0x00000000d7980000)
 Metaspace       used 101030K, committed 102592K, reserved 1179648K
  class space    used 9734K, committed 10368K, reserved 1048576K
}
Event: 29109.343 GC heap after
{Heap after GC invocations=10896 (full 224):
 PSYoungGen      total 19456K, used 4606K [0x00000000eab00000, 0x00000000ec480000, 0x0000000100000000)
  eden space 14848K, 0% used [0x00000000eab00000,0x00000000eab00000,0x00000000eb980000)
  from space 4608K, 99% used [0x00000000ebf80000,0x00000000ec3ffbc0,0x00000000ec400000)
  to   space 5632K, 0% used [0x00000000eb980000,0x00000000eb980000,0x00000000ebf00000)
 ParOldGen       total 386560K, used 309181K [0x00000000c0000000, 0x00000000d7980000, 0x00000000eab00000)
  object space 386560K, 79% used [0x00000000c0000000,0x00000000d2def568,0x00000000d7980000)
 Metaspace       used 101030K, committed 102592K, reserved 1179648K
  class space    used 9734K, committed 10368K, reserved 1048576K
}
Event: 29109.513 GC heap before
{Heap before GC invocations=10897 (full 224):
 PSYoungGen      total 19456K, used 19454K [0x00000000eab00000, 0x00000000ec480000, 0x0000000100000000)
  eden space 14848K, 100% used [0x00000000eab00000,0x00000000eb980000,0x00000000eb980000)
  from space 4608K, 99% used [0x00000000ebf80000,0x00000000ec3ffbc0,0x00000000ec400000)
  to   space 5632K, 0% used [0x00000000eb980000,0x00000000eb980000,0x00000000ebf00000)
 ParOldGen       total 386560K, used 309181K [0x00000000c0000000, 0x00000000d7980000, 0x00000000eab00000)
  object space 386560K, 79% used [0x00000000c0000000,0x00000000d2def568,0x00000000d7980000)
 Metaspace       used 101030K, committed 102592K, reserved 1179648K
  class space    used 9734K, committed 10368K, reserved 1048576K
}
Event: 29109.517 GC heap after
{Heap after GC invocations=10897 (full 224):
 PSYoungGen      total 18944K, used 3930K [0x00000000eab00000, 0x00000000ec280000, 0x0000000100000000)
  eden space 14848K, 0% used [0x00000000eab00000,0x00000000eab00000,0x00000000eb980000)
  from space 4096K, 95% used [0x00000000eb980000,0x00000000ebd56890,0x00000000ebd80000)
  to   space 4608K, 0% used [0x00000000ebe00000,0x00000000ebe00000,0x00000000ec280000)
 ParOldGen       total 386560K, used 310397K [0x00000000c0000000, 0x00000000d7980000, 0x00000000eab00000)
  object space 386560K, 80% used [0x00000000c0000000,0x00000000d2f1f468,0x00000000d7980000)
 Metaspace       used 101030K, committed 102592K, reserved 1179648K
  class space    used 9734K, committed 10368K, reserved 1048576K
}
Event: 29109.701 GC heap before
{Heap before GC invocations=10898 (full 224):
 PSYoungGen      total 18944K, used 18778K [0x00000000eab00000, 0x00000000ec280000, 0x0000000100000000)
  eden space 14848K, 100% used [0x00000000eab00000,0x00000000eb980000,0x00000000eb980000)
  from space 4096K, 95% used [0x00000000eb980000,0x00000000ebd56890,0x00000000ebd80000)
  to   space 4608K, 0% used [0x00000000ebe00000,0x00000000ebe00000,0x00000000ec280000)
 ParOldGen       total 386560K, used 310397K [0x00000000c0000000, 0x00000000d7980000, 0x00000000eab00000)
  object space 386560K, 80% used [0x00000000c0000000,0x00000000d2f1f468,0x00000000d7980000)
 Metaspace       used 101030K, committed 102592K, reserved 1179648K
  class space    used 9734K, committed 10368K, reserved 1048576K
}
Event: 29109.705 GC heap after
{Heap after GC invocations=10898 (full 224):
 PSYoungGen      total 18944K, used 4568K [0x00000000eab00000, 0x00000000ec380000, 0x0000000100000000)
  eden space 14336K, 0% used [0x00000000eab00000,0x00000000eab00000,0x00000000eb900000)
  from space 4608K, 99% used [0x00000000ebe00000,0x00000000ec276308,0x00000000ec280000)
  to   space 5120K, 0% used [0x00000000eb900000,0x00000000eb900000,0x00000000ebe00000)
 ParOldGen       total 386560K, used 310397K [0x00000000c0000000, 0x00000000d7980000, 0x00000000eab00000)
  object space 386560K, 80% used [0x00000000c0000000,0x00000000d2f1f468,0x00000000d7980000)
 Metaspace       used 101030K, committed 102592K, reserved 1179648K
  class space    used 9734K, committed 10368K, reserved 1048576K
}
Event: 29109.747 GC heap before
{Heap before GC invocations=10899 (full 224):
 PSYoungGen      total 18944K, used 18904K [0x00000000eab00000, 0x00000000ec380000, 0x0000000100000000)
  eden space 14336K, 99% used [0x00000000eab00000,0x00000000eb8ffff8,0x00000000eb900000)
  from space 4608K, 99% used [0x00000000ebe00000,0x00000000ec276308,0x00000000ec280000)
  to   space 5120K, 0% used [0x00000000eb900000,0x00000000eb900000,0x00000000ebe00000)
 ParOldGen       total 386560K, used 310397K [0x00000000c0000000, 0x00000000d7980000, 0x00000000eab00000)
  object space 386560K, 80% used [0x00000000c0000000,0x00000000d2f1f468,0x00000000d7980000)
 Metaspace       used 101030K, committed 102592K, reserved 1179648K
  class space    used 9734K, committed 10368K, reserved 1048576K
}
Event: 29109.758 GC heap after
{Heap after GC invocations=10899 (full 224):
 PSYoungGen      total 19456K, used 5108K [0x00000000eab00000, 0x00000000ec680000, 0x0000000100000000)
  eden space 14336K, 0% used [0x00000000eab00000,0x00000000eab00000,0x00000000eb900000)
  from space 5120K, 99% used [0x00000000eb900000,0x00000000ebdfd1b0,0x00000000ebe00000)
  to   space 6144K, 0% used [0x00000000ec080000,0x00000000ec080000,0x00000000ec680000)
 ParOldGen       total 386560K, used 310789K [0x00000000c0000000, 0x00000000d7980000, 0x00000000eab00000)
  object space 386560K, 80% used [0x00000000c0000000,0x00000000d2f81488,0x00000000d7980000)
 Metaspace       used 101030K, committed 102592K, reserved 1179648K
  class space    used 9734K, committed 10368K, reserved 1048576K
}
Event: 29109.847 GC heap before
{Heap before GC invocations=10900 (full 224):
 PSYoungGen      total 19456K, used 19444K [0x00000000eab00000, 0x00000000ec680000, 0x0000000100000000)
  eden space 14336K, 100% used [0x00000000eab00000,0x00000000eb900000,0x00000000eb900000)
  from space 5120K, 99% used [0x00000000eb900000,0x00000000ebdfd1b0,0x00000000ebe00000)
  to   space 6144K, 0% used [0x00000000ec080000,0x00000000ec080000,0x00000000ec680000)
 ParOldGen       total 386560K, used 310789K [0x00000000c0000000, 0x00000000d7980000, 0x00000000eab00000)
  object space 386560K, 80% used [0x00000000c0000000,0x00000000d2f81488,0x00000000d7980000)
 Metaspace       used 101030K, committed 102592K, reserved 1179648K
  class space    used 9734K, committed 10368K, reserved 1048576K
}
Event: 29109.853 GC heap after
{Heap after GC invocations=10900 (full 224):
 PSYoungGen      total 18944K, used 4122K [0x00000000eab00000, 0x00000000ec500000, 0x0000000100000000)
  eden space 14336K, 0% used [0x00000000eab00000,0x00000000eab00000,0x00000000eb900000)
  from space 4608K, 89% used [0x00000000ec080000,0x00000000ec486880,0x00000000ec500000)
  to   space 5120K, 0% used [0x00000000ebb00000,0x00000000ebb00000,0x00000000ec000000)
 ParOldGen       total 386560K, used 312726K [0x00000000c0000000, 0x00000000d7980000, 0x00000000eab00000)
  object space 386560K, 80% used [0x00000000c0000000,0x00000000d3165b70,0x00000000d7980000)
 Metaspace       used 101030K, committed 102592K, reserved 1179648K
  class space    used 9734K, committed 10368K, reserved 1048576K
}
Event: 29109.925 GC heap before
{Heap before GC invocations=10901 (full 224):
 PSYoungGen      total 18944K, used 18458K [0x00000000eab00000, 0x00000000ec500000, 0x0000000100000000)
  eden space 14336K, 100% used [0x00000000eab00000,0x00000000eb900000,0x00000000eb900000)
  from space 4608K, 89% used [0x00000000ec080000,0x00000000ec486880,0x00000000ec500000)
  to   space 5120K, 0% used [0x00000000ebb00000,0x00000000ebb00000,0x00000000ec000000)
 ParOldGen       total 386560K, used 312726K [0x00000000c0000000, 0x00000000d7980000, 0x00000000eab00000)
  object space 386560K, 80% used [0x00000000c0000000,0x00000000d3165b70,0x00000000d7980000)
 Metaspace       used 101030K, committed 102592K, reserved 1179648K
  class space    used 9734K, committed 10368K, reserved 1048576K
}
Event: 29109.932 GC heap after
{Heap after GC invocations=10901 (full 224):
 PSYoungGen      total 19456K, used 5109K [0x00000000eab00000, 0x00000000ec500000, 0x0000000100000000)
  eden space 14336K, 0% used [0x00000000eab00000,0x00000000eab00000,0x00000000eb900000)
  from space 5120K, 99% used [0x00000000ebb00000,0x00000000ebffd4c0,0x00000000ec000000)
  to   space 5120K, 0% used [0x00000000ec000000,0x00000000ec000000,0x00000000ec500000)
 ParOldGen       total 386560K, used 313070K [0x00000000c0000000, 0x00000000d7980000, 0x00000000eab00000)
  object space 386560K, 80% used [0x00000000c0000000,0x00000000d31bb928,0x00000000d7980000)
 Metaspace       used 101030K, committed 102592K, reserved 1179648K
  class space    used 9734K, committed 10368K, reserved 1048576K
}
Event: 29109.954 GC heap before
{Heap before GC invocations=10902 (full 224):
 PSYoungGen      total 19456K, used 19445K [0x00000000eab00000, 0x00000000ec500000, 0x0000000100000000)
  eden space 14336K, 100% used [0x00000000eab00000,0x00000000eb900000,0x00000000eb900000)
  from space 5120K, 99% used [0x00000000ebb00000,0x00000000ebffd4c0,0x00000000ec000000)
  to   space 5120K, 0% used [0x00000000ec000000,0x00000000ec000000,0x00000000ec500000)
 ParOldGen       total 386560K, used 313070K [0x00000000c0000000, 0x00000000d7980000, 0x00000000eab00000)
  object space 386560K, 80% used [0x00000000c0000000,0x00000000d31bb928,0x00000000d7980000)
 Metaspace       used 101030K, committed 102592K, reserved 1179648K
  class space    used 9734K, committed 10368K, reserved 1048576K
}
Event: 29109.961 GC heap after
{Heap after GC invocations=10902 (full 224):
 PSYoungGen      total 21504K, used 4647K [0x00000000eab00000, 0x00000000ec500000, 0x0000000100000000)
  eden space 16384K, 0% used [0x00000000eab00000,0x00000000eab00000,0x00000000ebb00000)
  from space 5120K, 90% used [0x00000000ec000000,0x00000000ec489df8,0x00000000ec500000)
  to   space 5120K, 0% used [0x00000000ebb00000,0x00000000ebb00000,0x00000000ec000000)
 ParOldGen       total 386560K, used 314481K [0x00000000c0000000, 0x00000000d7980000, 0x00000000eab00000)
  object space 386560K, 81% used [0x00000000c0000000,0x00000000d331c6b8,0x00000000d7980000)
 Metaspace       used 101030K, committed 102592K, reserved 1179648K
  class space    used 9734K, committed 10368K, reserved 1048576K
}
Event: 29110.126 GC heap before
{Heap before GC invocations=10903 (full 224):
 PSYoungGen      total 21504K, used 20974K [0x00000000eab00000, 0x00000000ec500000, 0x0000000100000000)
  eden space 16384K, 99% used [0x00000000eab00000,0x00000000ebaf1b78,0x00000000ebb00000)
  from space 5120K, 90% used [0x00000000ec000000,0x00000000ec489df8,0x00000000ec500000)
  to   space 5120K, 0% used [0x00000000ebb00000,0x00000000ebb00000,0x00000000ec000000)
 ParOldGen       total 386560K, used 314481K [0x00000000c0000000, 0x00000000d7980000, 0x00000000eab00000)
  object space 386560K, 81% used [0x00000000c0000000,0x00000000d331c6b8,0x00000000d7980000)
 Metaspace       used 101030K, committed 102592K, reserved 1179648K
  class space    used 9734K, committed 10368K, reserved 1048576K
}
Event: 29110.133 GC heap after
{Heap after GC invocations=10903 (full 224):
 PSYoungGen      total 21504K, used 5049K [0x00000000eab00000, 0x00000000ec800000, 0x0000000100000000)
  eden space 16384K, 0% used [0x00000000eab00000,0x00000000eab00000,0x00000000ebb00000)
  from space 5120K, 98% used [0x00000000ebb00000,0x00000000ebfee4f0,0x00000000ec000000)
  to   space 5632K, 0% used [0x00000000ec280000,0x00000000ec280000,0x00000000ec800000)
 ParOldGen       total 386560K, used 314884K [0x00000000c0000000, 0x00000000d7980000, 0x00000000eab00000)
  object space 386560K, 81% used [0x00000000c0000000,0x00000000d3381048,0x00000000d7980000)
 Metaspace       used 101030K, committed 102592K, reserved 1179648K
  class space    used 9734K, committed 10368K, reserved 1048576K
}
Event: 29110.315 GC heap before
{Heap before GC invocations=10904 (full 224):
 PSYoungGen      total 21504K, used 21433K [0x00000000eab00000, 0x00000000ec800000, 0x0000000100000000)
  eden space 16384K, 100% used [0x00000000eab00000,0x00000000ebb00000,0x00000000ebb00000)
  from space 5120K, 98% used [0x00000000ebb00000,0x00000000ebfee4f0,0x00000000ec000000)
  to   space 5632K, 0% used [0x00000000ec280000,0x00000000ec280000,0x00000000ec800000)
 ParOldGen       total 386560K, used 314884K [0x00000000c0000000, 0x00000000d7980000, 0x00000000eab00000)
  object space 386560K, 81% used [0x00000000c0000000,0x00000000d3381048,0x00000000d7980000)
 Metaspace       used 101030K, committed 102592K, reserved 1179648K
  class space    used 9734K, committed 10368K, reserved 1048576K
}
Event: 29110.321 GC heap after
{Heap after GC invocations=10904 (full 224):
 PSYoungGen      total 22016K, used 5428K [0x00000000eab00000, 0x00000000ec800000, 0x0000000100000000)
  eden space 16384K, 0% used [0x00000000eab00000,0x00000000eab00000,0x00000000ebb00000)
  from space 5632K, 96% used [0x00000000ec280000,0x00000000ec7cd2e0,0x00000000ec800000)
  to   space 5632K, 0% used [0x00000000ebd00000,0x00000000ebd00000,0x00000000ec280000)
 ParOldGen       total 386560K, used 314884K [0x00000000c0000000, 0x00000000d7980000, 0x00000000eab00000)
  object space 386560K, 81% used [0x00000000c0000000,0x00000000d3381048,0x00000000d7980000)
 Metaspace       used 101030K, committed 102592K, reserved 1179648K
  class space    used 9734K, committed 10368K, reserved 1048576K
}

